{"/home/dev/Desktop/toDoList/index.js": {"path":"/home/dev/Desktop/toDoList/index.js","statementMap":{"0":{"start":{"line":3,"column":16},"end":{"line":3,"column":34}},"1":{"start":{"line":4,"column":11},"end":{"line":4,"column":34}},"2":{"start":{"line":5,"column":12},"end":{"line":5,"column":21}},"3":{"start":{"line":6,"column":13},"end":{"line":6,"column":37}},"4":{"start":{"line":7,"column":13},"end":{"line":7,"column":37}},"5":{"start":{"line":9,"column":0},"end":{"line":9,"column":24}},"6":{"start":{"line":10,"column":0},"end":{"line":10,"column":28}},"7":{"start":{"line":11,"column":0},"end":{"line":11,"column":28}},"8":{"start":{"line":14,"column":13},"end":{"line":14,"column":35}},"9":{"start":{"line":15,"column":15},"end":{"line":17,"column":2}},"10":{"start":{"line":16,"column":1},"end":{"line":16,"column":45}},"11":{"start":{"line":19,"column":0},"end":{"line":19,"column":24}}},"fnMap":{"0":{"name":"(anonymous_0)","decl":{"start":{"line":15,"column":31},"end":{"line":15,"column":32}},"loc":{"start":{"line":15,"column":35},"end":{"line":17,"column":1}},"line":15}},"branchMap":{"0":{"loc":{"start":{"line":14,"column":13},"end":{"line":14,"column":35}},"type":"binary-expr","locations":[{"start":{"line":14,"column":13},"end":{"line":14,"column":29}},{"start":{"line":14,"column":31},"end":{"line":14,"column":35}}],"line":14}},"s":{"0":2,"1":2,"2":2,"3":2,"4":2,"5":2,"6":2,"7":2,"8":2,"9":2,"10":0,"11":2},"f":{"0":0},"b":{"0":[2,2]},"_coverageSchema":"1a1c01bbd47fc00a2c39e90264f33305004495a9","hash":"fc046c8568fe9da59a827540f3169f3700d7e54c"}
,"/home/dev/Desktop/toDoList/models/task.js": {"path":"/home/dev/Desktop/toDoList/models/task.js","statementMap":{"0":{"start":{"line":1,"column":31},"end":{"line":1,"column":51}},"1":{"start":{"line":3,"column":20},"end":{"line":3,"column":44}},"2":{"start":{"line":4,"column":13},"end":{"line":4,"column":30}},"3":{"start":{"line":6,"column":13},"end":{"line":26,"column":2}},"4":{"start":{"line":28,"column":0},"end":{"line":28,"column":19}},"5":{"start":{"line":29,"column":0},"end":{"line":29,"column":21}},"6":{"start":{"line":31,"column":0},"end":{"line":33,"column":23}},"7":{"start":{"line":32,"column":20},"end":{"line":32,"column":26}},"8":{"start":{"line":33,"column":18},"end":{"line":33,"column":21}},"9":{"start":{"line":34,"column":0},"end":{"line":34,"column":22}}},"fnMap":{"0":{"name":"(anonymous_0)","decl":{"start":{"line":32,"column":10},"end":{"line":32,"column":11}},"loc":{"start":{"line":32,"column":20},"end":{"line":32,"column":26}},"line":32},"1":{"name":"(anonymous_1)","decl":{"start":{"line":33,"column":11},"end":{"line":33,"column":12}},"loc":{"start":{"line":33,"column":18},"end":{"line":33,"column":21}},"line":33}},"branchMap":{},"s":{"0":2,"1":2,"2":2,"3":2,"4":2,"5":2,"6":2,"7":0,"8":0,"9":2},"f":{"0":0,"1":0},"b":{},"_coverageSchema":"1a1c01bbd47fc00a2c39e90264f33305004495a9","hash":"81d7ba96f5e97f95dfd61ba8c1c5890542b9f745"}
,"/home/dev/Desktop/toDoList/models/user.js": {"path":"/home/dev/Desktop/toDoList/models/user.js","statementMap":{"0":{"start":{"line":1,"column":22},"end":{"line":1,"column":42}},"1":{"start":{"line":3,"column":20},"end":{"line":3,"column":44}},"2":{"start":{"line":5,"column":13},"end":{"line":23,"column":2}},"3":{"start":{"line":25,"column":0},"end":{"line":27,"column":23}},"4":{"start":{"line":26,"column":20},"end":{"line":26,"column":26}},"5":{"start":{"line":27,"column":18},"end":{"line":27,"column":21}},"6":{"start":{"line":29,"column":0},"end":{"line":29,"column":23}}},"fnMap":{"0":{"name":"(anonymous_0)","decl":{"start":{"line":26,"column":10},"end":{"line":26,"column":11}},"loc":{"start":{"line":26,"column":20},"end":{"line":26,"column":26}},"line":26},"1":{"name":"(anonymous_1)","decl":{"start":{"line":27,"column":11},"end":{"line":27,"column":12}},"loc":{"start":{"line":27,"column":18},"end":{"line":27,"column":21}},"line":27}},"branchMap":{},"s":{"0":2,"1":2,"2":2,"3":2,"4":0,"5":0,"6":2},"f":{"0":0,"1":0},"b":{},"_coverageSchema":"1a1c01bbd47fc00a2c39e90264f33305004495a9","hash":"03b3f929e438c86ca1c0a3aa6e20a8f17fffa18e"}
,"/home/dev/Desktop/toDoList/repos/hash.js": {"path":"/home/dev/Desktop/toDoList/repos/hash.js","statementMap":{"0":{"start":{"line":1,"column":15},"end":{"line":1,"column":32}},"1":{"start":{"line":4,"column":17},"end":{"line":6,"column":26}},"2":{"start":{"line":5,"column":24},"end":{"line":5,"column":30}},"3":{"start":{"line":6,"column":22},"end":{"line":6,"column":25}},"4":{"start":{"line":7,"column":27},"end":{"line":9,"column":26}},"5":{"start":{"line":8,"column":24},"end":{"line":8,"column":30}},"6":{"start":{"line":9,"column":22},"end":{"line":9,"column":25}},"7":{"start":{"line":10,"column":4},"end":{"line":10,"column":25}},"8":{"start":{"line":13,"column":0},"end":{"line":13,"column":25}}},"fnMap":{"0":{"name":"encrypt","decl":{"start":{"line":3,"column":15},"end":{"line":3,"column":22}},"loc":{"start":{"line":3,"column":33},"end":{"line":11,"column":1}},"line":3},"1":{"name":"(anonymous_1)","decl":{"start":{"line":5,"column":14},"end":{"line":5,"column":15}},"loc":{"start":{"line":5,"column":24},"end":{"line":5,"column":30}},"line":5},"2":{"name":"(anonymous_2)","decl":{"start":{"line":6,"column":15},"end":{"line":6,"column":16}},"loc":{"start":{"line":6,"column":22},"end":{"line":6,"column":25}},"line":6},"3":{"name":"(anonymous_3)","decl":{"start":{"line":8,"column":14},"end":{"line":8,"column":15}},"loc":{"start":{"line":8,"column":24},"end":{"line":8,"column":30}},"line":8},"4":{"name":"(anonymous_4)","decl":{"start":{"line":9,"column":15},"end":{"line":9,"column":16}},"loc":{"start":{"line":9,"column":22},"end":{"line":9,"column":25}},"line":9}},"branchMap":{},"s":{"0":2,"1":0,"2":0,"3":0,"4":0,"5":0,"6":0,"7":0,"8":2},"f":{"0":0,"1":0,"2":0,"3":0,"4":0},"b":{},"_coverageSchema":"1a1c01bbd47fc00a2c39e90264f33305004495a9","hash":"7f09f28b7db8afbf44c1b28d4191c901fe2cbfaa"}
,"/home/dev/Desktop/toDoList/repos/taskRepo.js": {"path":"/home/dev/Desktop/toDoList/repos/taskRepo.js","statementMap":{"0":{"start":{"line":2,"column":13},"end":{"line":2,"column":38}},"1":{"start":{"line":3,"column":13},"end":{"line":3,"column":38}},"2":{"start":{"line":4,"column":20},"end":{"line":4,"column":44}},"3":{"start":{"line":6,"column":0},"end":{"line":59,"column":1}},"4":{"start":{"line":9,"column":21},"end":{"line":15,"column":30}},"5":{"start":{"line":14,"column":28},"end":{"line":14,"column":34}},"6":{"start":{"line":15,"column":26},"end":{"line":15,"column":29}},"7":{"start":{"line":16,"column":8},"end":{"line":16,"column":20}},"8":{"start":{"line":20,"column":22},"end":{"line":26,"column":30}},"9":{"start":{"line":25,"column":28},"end":{"line":25,"column":34}},"10":{"start":{"line":26,"column":26},"end":{"line":26,"column":29}},"11":{"start":{"line":27,"column":8},"end":{"line":27,"column":21}},"12":{"start":{"line":31,"column":21},"end":{"line":37,"column":28}},"13":{"start":{"line":36,"column":26},"end":{"line":36,"column":32}},"14":{"start":{"line":37,"column":24},"end":{"line":37,"column":27}},"15":{"start":{"line":38,"column":8},"end":{"line":38,"column":20}},"16":{"start":{"line":42,"column":28},"end":{"line":47,"column":30}},"17":{"start":{"line":46,"column":26},"end":{"line":46,"column":32}},"18":{"start":{"line":47,"column":26},"end":{"line":47,"column":29}},"19":{"start":{"line":49,"column":8},"end":{"line":49,"column":27}},"20":{"start":{"line":53,"column":50},"end":{"line":53,"column":53}},"21":{"start":{"line":54,"column":21},"end":{"line":54,"column":94}},"22":{"start":{"line":55,"column":8},"end":{"line":55,"column":54}},"23":{"start":{"line":55,"column":23},"end":{"line":55,"column":54}},"24":{"start":{"line":56,"column":8},"end":{"line":56,"column":55}},"25":{"start":{"line":56,"column":21},"end":{"line":56,"column":55}},"26":{"start":{"line":57,"column":8},"end":{"line":57,"column":20}}},"fnMap":{"0":{"name":"(anonymous_0)","decl":{"start":{"line":8,"column":16},"end":{"line":8,"column":17}},"loc":{"start":{"line":8,"column":57},"end":{"line":17,"column":5}},"line":8},"1":{"name":"(anonymous_1)","decl":{"start":{"line":14,"column":18},"end":{"line":14,"column":19}},"loc":{"start":{"line":14,"column":28},"end":{"line":14,"column":34}},"line":14},"2":{"name":"(anonymous_2)","decl":{"start":{"line":15,"column":19},"end":{"line":15,"column":20}},"loc":{"start":{"line":15,"column":26},"end":{"line":15,"column":29}},"line":15},"3":{"name":"(anonymous_3)","decl":{"start":{"line":19,"column":14},"end":{"line":19,"column":15}},"loc":{"start":{"line":19,"column":32},"end":{"line":28,"column":5}},"line":19},"4":{"name":"(anonymous_4)","decl":{"start":{"line":25,"column":18},"end":{"line":25,"column":19}},"loc":{"start":{"line":25,"column":28},"end":{"line":25,"column":34}},"line":25},"5":{"name":"(anonymous_5)","decl":{"start":{"line":26,"column":19},"end":{"line":26,"column":20}},"loc":{"start":{"line":26,"column":26},"end":{"line":26,"column":29}},"line":26},"6":{"name":"(anonymous_6)","decl":{"start":{"line":30,"column":14},"end":{"line":30,"column":15}},"loc":{"start":{"line":30,"column":30},"end":{"line":39,"column":5}},"line":30},"7":{"name":"(anonymous_7)","decl":{"start":{"line":36,"column":18},"end":{"line":36,"column":19}},"loc":{"start":{"line":36,"column":26},"end":{"line":36,"column":32}},"line":36},"8":{"name":"(anonymous_8)","decl":{"start":{"line":37,"column":19},"end":{"line":37,"column":20}},"loc":{"start":{"line":37,"column":24},"end":{"line":37,"column":27}},"line":37},"9":{"name":"(anonymous_9)","decl":{"start":{"line":41,"column":16},"end":{"line":41,"column":17}},"loc":{"start":{"line":41,"column":32},"end":{"line":50,"column":5}},"line":41},"10":{"name":"(anonymous_10)","decl":{"start":{"line":46,"column":16},"end":{"line":46,"column":17}},"loc":{"start":{"line":46,"column":26},"end":{"line":46,"column":32}},"line":46},"11":{"name":"(anonymous_11)","decl":{"start":{"line":47,"column":19},"end":{"line":47,"column":20}},"loc":{"start":{"line":47,"column":26},"end":{"line":47,"column":29}},"line":47},"12":{"name":"(anonymous_12)","decl":{"start":{"line":52,"column":14},"end":{"line":52,"column":15}},"loc":{"start":{"line":52,"column":29},"end":{"line":58,"column":5}},"line":52}},"branchMap":{"0":{"loc":{"start":{"line":55,"column":8},"end":{"line":55,"column":54}},"type":"if","locations":[{"start":{"line":55,"column":8},"end":{"line":55,"column":54}},{"start":{"line":55,"column":8},"end":{"line":55,"column":54}}],"line":55},"1":{"loc":{"start":{"line":56,"column":8},"end":{"line":56,"column":55}},"type":"if","locations":[{"start":{"line":56,"column":8},"end":{"line":56,"column":55}},{"start":{"line":56,"column":8},"end":{"line":56,"column":55}}],"line":56}},"s":{"0":2,"1":2,"2":2,"3":2,"4":0,"5":0,"6":0,"7":0,"8":0,"9":0,"10":0,"11":0,"12":0,"13":0,"14":0,"15":0,"16":0,"17":0,"18":0,"19":0,"20":3,"21":3,"22":3,"23":1,"24":3,"25":1,"26":3},"f":{"0":0,"1":0,"2":0,"3":0,"4":0,"5":0,"6":0,"7":0,"8":0,"9":0,"10":0,"11":0,"12":3},"b":{"0":[1,2],"1":[1,2]},"_coverageSchema":"1a1c01bbd47fc00a2c39e90264f33305004495a9","hash":"dc508000685e6332571a336db2d1c2d8a26cafa5"}
,"/home/dev/Desktop/toDoList/repos/userRepo.js": {"path":"/home/dev/Desktop/toDoList/repos/userRepo.js","statementMap":{"0":{"start":{"line":1,"column":13},"end":{"line":1,"column":38}},"1":{"start":{"line":3,"column":0},"end":{"line":50,"column":1}},"2":{"start":{"line":5,"column":24},"end":{"line":10,"column":30}},"3":{"start":{"line":9,"column":28},"end":{"line":9,"column":34}},"4":{"start":{"line":10,"column":26},"end":{"line":10,"column":29}},"5":{"start":{"line":11,"column":8},"end":{"line":11,"column":23}},"6":{"start":{"line":15,"column":21},"end":{"line":21,"column":30}},"7":{"start":{"line":20,"column":28},"end":{"line":20,"column":34}},"8":{"start":{"line":21,"column":26},"end":{"line":21,"column":29}},"9":{"start":{"line":22,"column":8},"end":{"line":22,"column":20}},"10":{"start":{"line":26,"column":21},"end":{"line":32,"column":28}},"11":{"start":{"line":31,"column":26},"end":{"line":31,"column":32}},"12":{"start":{"line":32,"column":24},"end":{"line":32,"column":27}},"13":{"start":{"line":34,"column":8},"end":{"line":34,"column":20}},"14":{"start":{"line":38,"column":21},"end":{"line":38,"column":53}},"15":{"start":{"line":39,"column":39},"end":{"line":39,"column":42}},"16":{"start":{"line":40,"column":8},"end":{"line":40,"column":33}},"17":{"start":{"line":41,"column":8},"end":{"line":41,"column":33}},"18":{"start":{"line":42,"column":8},"end":{"line":47,"column":9}},"19":{"start":{"line":43,"column":12},"end":{"line":43,"column":40}},"20":{"start":{"line":45,"column":13},"end":{"line":47,"column":9}},"21":{"start":{"line":46,"column":12},"end":{"line":46,"column":40}},"22":{"start":{"line":48,"column":8},"end":{"line":48,"column":20}}},"fnMap":{"0":{"name":"(anonymous_0)","decl":{"start":{"line":4,"column":16},"end":{"line":4,"column":17}},"loc":{"start":{"line":4,"column":49},"end":{"line":12,"column":5}},"line":4},"1":{"name":"(anonymous_1)","decl":{"start":{"line":9,"column":18},"end":{"line":9,"column":19}},"loc":{"start":{"line":9,"column":28},"end":{"line":9,"column":34}},"line":9},"2":{"name":"(anonymous_2)","decl":{"start":{"line":10,"column":19},"end":{"line":10,"column":20}},"loc":{"start":{"line":10,"column":26},"end":{"line":10,"column":29}},"line":10},"3":{"name":"(anonymous_3)","decl":{"start":{"line":14,"column":20},"end":{"line":14,"column":21}},"loc":{"start":{"line":14,"column":40},"end":{"line":23,"column":5}},"line":14},"4":{"name":"(anonymous_4)","decl":{"start":{"line":20,"column":18},"end":{"line":20,"column":19}},"loc":{"start":{"line":20,"column":28},"end":{"line":20,"column":34}},"line":20},"5":{"name":"(anonymous_5)","decl":{"start":{"line":21,"column":19},"end":{"line":21,"column":20}},"loc":{"start":{"line":21,"column":26},"end":{"line":21,"column":29}},"line":21},"6":{"name":"(anonymous_6)","decl":{"start":{"line":25,"column":18},"end":{"line":25,"column":19}},"loc":{"start":{"line":25,"column":34},"end":{"line":35,"column":5}},"line":25},"7":{"name":"(anonymous_7)","decl":{"start":{"line":31,"column":18},"end":{"line":31,"column":19}},"loc":{"start":{"line":31,"column":26},"end":{"line":31,"column":32}},"line":31},"8":{"name":"(anonymous_8)","decl":{"start":{"line":32,"column":19},"end":{"line":32,"column":20}},"loc":{"start":{"line":32,"column":24},"end":{"line":32,"column":27}},"line":32},"9":{"name":"(anonymous_9)","decl":{"start":{"line":37,"column":14},"end":{"line":37,"column":15}},"loc":{"start":{"line":37,"column":29},"end":{"line":49,"column":5}},"line":37}},"branchMap":{"0":{"loc":{"start":{"line":42,"column":8},"end":{"line":47,"column":9}},"type":"if","locations":[{"start":{"line":42,"column":8},"end":{"line":47,"column":9}},{"start":{"line":42,"column":8},"end":{"line":47,"column":9}}],"line":42},"1":{"loc":{"start":{"line":45,"column":13},"end":{"line":47,"column":9}},"type":"if","locations":[{"start":{"line":45,"column":13},"end":{"line":47,"column":9}},{"start":{"line":45,"column":13},"end":{"line":47,"column":9}}],"line":45}},"s":{"0":2,"1":2,"2":0,"3":0,"4":0,"5":0,"6":0,"7":0,"8":0,"9":0,"10":0,"11":0,"12":0,"13":0,"14":3,"15":3,"16":3,"17":3,"18":3,"19":1,"20":2,"21":1,"22":3},"f":{"0":0,"1":0,"2":0,"3":0,"4":0,"5":0,"6":0,"7":0,"8":0,"9":3},"b":{"0":[1,2],"1":[1,1]},"_coverageSchema":"1a1c01bbd47fc00a2c39e90264f33305004495a9","hash":"2c87f401e025f0b8971c99ed2396aad30223e261"}
,"/home/dev/Desktop/toDoList/routes/task.js": {"path":"/home/dev/Desktop/toDoList/routes/task.js","statementMap":{"0":{"start":{"line":1,"column":16},"end":{"line":1,"column":34}},"1":{"start":{"line":2,"column":15},"end":{"line":2,"column":31}},"2":{"start":{"line":3,"column":17},"end":{"line":3,"column":45}},"3":{"start":{"line":4,"column":17},"end":{"line":4,"column":45}},"4":{"start":{"line":5,"column":0},"end":{"line":15,"column":3}},"5":{"start":{"line":7,"column":22},"end":{"line":7,"column":49}},"6":{"start":{"line":8,"column":4},"end":{"line":8,"column":66}},"7":{"start":{"line":8,"column":23},"end":{"line":8,"column":66}},"8":{"start":{"line":10,"column":17},"end":{"line":10,"column":62}},"9":{"start":{"line":11,"column":4},"end":{"line":11,"column":62}},"10":{"start":{"line":11,"column":15},"end":{"line":11,"column":62}},"11":{"start":{"line":13,"column":17},"end":{"line":13,"column":103}},"12":{"start":{"line":14,"column":4},"end":{"line":14,"column":19}},"13":{"start":{"line":17,"column":0},"end":{"line":26,"column":3}},"14":{"start":{"line":19,"column":19},"end":{"line":19,"column":36}},"15":{"start":{"line":21,"column":17},"end":{"line":21,"column":52}},"16":{"start":{"line":22,"column":4},"end":{"line":22,"column":65}},"17":{"start":{"line":22,"column":15},"end":{"line":22,"column":65}},"18":{"start":{"line":24,"column":18},"end":{"line":24,"column":49}},"19":{"start":{"line":25,"column":4},"end":{"line":25,"column":20}},"20":{"start":{"line":28,"column":0},"end":{"line":39,"column":3}},"21":{"start":{"line":29,"column":31},"end":{"line":29,"column":41}},"22":{"start":{"line":31,"column":17},"end":{"line":31,"column":52}},"23":{"start":{"line":32,"column":4},"end":{"line":32,"column":65}},"24":{"start":{"line":32,"column":15},"end":{"line":32,"column":65}},"25":{"start":{"line":34,"column":17},"end":{"line":34,"column":48}},"26":{"start":{"line":35,"column":4},"end":{"line":35,"column":65}},"27":{"start":{"line":35,"column":15},"end":{"line":35,"column":65}},"28":{"start":{"line":37,"column":24},"end":{"line":37,"column":51}},"29":{"start":{"line":38,"column":4},"end":{"line":38,"column":26}},"30":{"start":{"line":42,"column":0},"end":{"line":42,"column":24}}},"fnMap":{"0":{"name":"(anonymous_0)","decl":{"start":{"line":5,"column":23},"end":{"line":5,"column":24}},"loc":{"start":{"line":5,"column":43},"end":{"line":15,"column":1}},"line":5},"1":{"name":"(anonymous_1)","decl":{"start":{"line":17,"column":23},"end":{"line":17,"column":24}},"loc":{"start":{"line":17,"column":43},"end":{"line":26,"column":1}},"line":17},"2":{"name":"(anonymous_2)","decl":{"start":{"line":28,"column":31},"end":{"line":28,"column":32}},"loc":{"start":{"line":28,"column":51},"end":{"line":39,"column":1}},"line":28}},"branchMap":{"0":{"loc":{"start":{"line":8,"column":4},"end":{"line":8,"column":66}},"type":"if","locations":[{"start":{"line":8,"column":4},"end":{"line":8,"column":66}},{"start":{"line":8,"column":4},"end":{"line":8,"column":66}}],"line":8},"1":{"loc":{"start":{"line":11,"column":4},"end":{"line":11,"column":62}},"type":"if","locations":[{"start":{"line":11,"column":4},"end":{"line":11,"column":62}},{"start":{"line":11,"column":4},"end":{"line":11,"column":62}}],"line":11},"2":{"loc":{"start":{"line":22,"column":4},"end":{"line":22,"column":65}},"type":"if","locations":[{"start":{"line":22,"column":4},"end":{"line":22,"column":65}},{"start":{"line":22,"column":4},"end":{"line":22,"column":65}}],"line":22},"3":{"loc":{"start":{"line":32,"column":4},"end":{"line":32,"column":65}},"type":"if","locations":[{"start":{"line":32,"column":4},"end":{"line":32,"column":65}},{"start":{"line":32,"column":4},"end":{"line":32,"column":65}}],"line":32},"4":{"loc":{"start":{"line":35,"column":4},"end":{"line":35,"column":65}},"type":"if","locations":[{"start":{"line":35,"column":4},"end":{"line":35,"column":65}},{"start":{"line":35,"column":4},"end":{"line":35,"column":65}}],"line":35}},"s":{"0":2,"1":2,"2":2,"3":2,"4":2,"5":0,"6":0,"7":0,"8":0,"9":0,"10":0,"11":0,"12":0,"13":2,"14":0,"15":0,"16":0,"17":0,"18":0,"19":0,"20":2,"21":0,"22":0,"23":0,"24":0,"25":0,"26":0,"27":0,"28":0,"29":0,"30":2},"f":{"0":0,"1":0,"2":0},"b":{"0":[0,0],"1":[0,0],"2":[0,0],"3":[0,0],"4":[0,0]},"_coverageSchema":"1a1c01bbd47fc00a2c39e90264f33305004495a9","hash":"1b363ba627e92f088327fe5e72a4bf932a2327de"}
,"/home/dev/Desktop/toDoList/routes/user.js": {"path":"/home/dev/Desktop/toDoList/routes/user.js","statementMap":{"0":{"start":{"line":1,"column":16},"end":{"line":1,"column":34}},"1":{"start":{"line":2,"column":15},"end":{"line":2,"column":31}},"2":{"start":{"line":5,"column":16},"end":{"line":5,"column":40}},"3":{"start":{"line":6,"column":15},"end":{"line":6,"column":32}},"4":{"start":{"line":7,"column":17},"end":{"line":7,"column":45}},"5":{"start":{"line":9,"column":0},"end":{"line":21,"column":3}},"6":{"start":{"line":11,"column":22},"end":{"line":11,"column":49}},"7":{"start":{"line":12,"column":4},"end":{"line":12,"column":65}},"8":{"start":{"line":12,"column":22},"end":{"line":12,"column":65}},"9":{"start":{"line":14,"column":17},"end":{"line":14,"column":66}},"10":{"start":{"line":15,"column":4},"end":{"line":15,"column":67}},"11":{"start":{"line":15,"column":13},"end":{"line":15,"column":67}},"12":{"start":{"line":17,"column":24},"end":{"line":17,"column":57}},"13":{"start":{"line":19,"column":20},"end":{"line":19,"column":77}},"14":{"start":{"line":20,"column":4},"end":{"line":20,"column":22}},"15":{"start":{"line":23,"column":0},"end":{"line":34,"column":3}},"16":{"start":{"line":24,"column":22},"end":{"line":24,"column":49}},"17":{"start":{"line":25,"column":4},"end":{"line":25,"column":65}},"18":{"start":{"line":25,"column":22},"end":{"line":25,"column":65}},"19":{"start":{"line":27,"column":17},"end":{"line":27,"column":66}},"20":{"start":{"line":28,"column":4},"end":{"line":28,"column":75}},"21":{"start":{"line":28,"column":15},"end":{"line":28,"column":75}},"22":{"start":{"line":30,"column":18},"end":{"line":30,"column":73}},"23":{"start":{"line":31,"column":4},"end":{"line":31,"column":77}},"24":{"start":{"line":31,"column":16},"end":{"line":31,"column":77}},"25":{"start":{"line":33,"column":4},"end":{"line":33,"column":44}},"26":{"start":{"line":36,"column":0},"end":{"line":39,"column":3}},"27":{"start":{"line":37,"column":18},"end":{"line":37,"column":38}},"28":{"start":{"line":38,"column":4},"end":{"line":38,"column":20}},"29":{"start":{"line":41,"column":0},"end":{"line":41,"column":24}}},"fnMap":{"0":{"name":"(anonymous_0)","decl":{"start":{"line":9,"column":25},"end":{"line":9,"column":26}},"loc":{"start":{"line":9,"column":45},"end":{"line":21,"column":1}},"line":9},"1":{"name":"(anonymous_1)","decl":{"start":{"line":23,"column":22},"end":{"line":23,"column":23}},"loc":{"start":{"line":23,"column":42},"end":{"line":34,"column":1}},"line":23},"2":{"name":"(anonymous_2)","decl":{"start":{"line":36,"column":16},"end":{"line":36,"column":17}},"loc":{"start":{"line":36,"column":36},"end":{"line":39,"column":1}},"line":36}},"branchMap":{"0":{"loc":{"start":{"line":12,"column":4},"end":{"line":12,"column":65}},"type":"if","locations":[{"start":{"line":12,"column":4},"end":{"line":12,"column":65}},{"start":{"line":12,"column":4},"end":{"line":12,"column":65}}],"line":12},"1":{"loc":{"start":{"line":15,"column":4},"end":{"line":15,"column":67}},"type":"if","locations":[{"start":{"line":15,"column":4},"end":{"line":15,"column":67}},{"start":{"line":15,"column":4},"end":{"line":15,"column":67}}],"line":15},"2":{"loc":{"start":{"line":25,"column":4},"end":{"line":25,"column":65}},"type":"if","locations":[{"start":{"line":25,"column":4},"end":{"line":25,"column":65}},{"start":{"line":25,"column":4},"end":{"line":25,"column":65}}],"line":25},"3":{"loc":{"start":{"line":28,"column":4},"end":{"line":28,"column":75}},"type":"if","locations":[{"start":{"line":28,"column":4},"end":{"line":28,"column":75}},{"start":{"line":28,"column":4},"end":{"line":28,"column":75}}],"line":28},"4":{"loc":{"start":{"line":31,"column":4},"end":{"line":31,"column":77}},"type":"if","locations":[{"start":{"line":31,"column":4},"end":{"line":31,"column":77}},{"start":{"line":31,"column":4},"end":{"line":31,"column":77}}],"line":31}},"s":{"0":2,"1":2,"2":2,"3":2,"4":2,"5":2,"6":0,"7":0,"8":0,"9":0,"10":0,"11":0,"12":0,"13":0,"14":0,"15":2,"16":0,"17":0,"18":0,"19":0,"20":0,"21":0,"22":0,"23":0,"24":0,"25":0,"26":2,"27":0,"28":0,"29":2},"f":{"0":0,"1":0,"2":0},"b":{"0":[0,0],"1":[0,0],"2":[0,0],"3":[0,0],"4":[0,0]},"_coverageSchema":"1a1c01bbd47fc00a2c39e90264f33305004495a9","hash":"86b02e3a704416c6e33552f24ecf13d3bbbd248d"}
,"/home/dev/Desktop/toDoList/startUp/db.js": {"path":"/home/dev/Desktop/toDoList/startUp/db.js","statementMap":{"0":{"start":{"line":2,"column":18},"end":{"line":2,"column":38}},"1":{"start":{"line":4,"column":0},"end":{"line":4,"column":54}}},"fnMap":{},"branchMap":{},"s":{"0":2,"1":2},"f":{},"b":{},"_coverageSchema":"1a1c01bbd47fc00a2c39e90264f33305004495a9","hash":"8e1199daef5fe60faba9757ece66192343685996"}
}
