{"/home/dev/Desktop/toDoList/index.js": {"path":"/home/dev/Desktop/toDoList/index.js","statementMap":{"0":{"start":{"line":3,"column":16},"end":{"line":3,"column":34}},"1":{"start":{"line":4,"column":11},"end":{"line":4,"column":34}},"2":{"start":{"line":5,"column":12},"end":{"line":5,"column":21}},"3":{"start":{"line":6,"column":13},"end":{"line":6,"column":37}},"4":{"start":{"line":7,"column":13},"end":{"line":7,"column":37}},"5":{"start":{"line":9,"column":0},"end":{"line":9,"column":24}},"6":{"start":{"line":10,"column":0},"end":{"line":10,"column":28}},"7":{"start":{"line":11,"column":0},"end":{"line":11,"column":28}},"8":{"start":{"line":14,"column":13},"end":{"line":14,"column":35}},"9":{"start":{"line":15,"column":15},"end":{"line":17,"column":2}},"10":{"start":{"line":16,"column":1},"end":{"line":16,"column":45}},"11":{"start":{"line":19,"column":0},"end":{"line":19,"column":24}}},"fnMap":{"0":{"name":"(anonymous_0)","decl":{"start":{"line":15,"column":31},"end":{"line":15,"column":32}},"loc":{"start":{"line":15,"column":35},"end":{"line":17,"column":1}},"line":15}},"branchMap":{"0":{"loc":{"start":{"line":14,"column":13},"end":{"line":14,"column":35}},"type":"binary-expr","locations":[{"start":{"line":14,"column":13},"end":{"line":14,"column":29}},{"start":{"line":14,"column":31},"end":{"line":14,"column":35}}],"line":14}},"s":{"0":2,"1":2,"2":2,"3":2,"4":2,"5":2,"6":2,"7":2,"8":2,"9":2,"10":2,"11":2},"f":{"0":2},"b":{"0":[2,2]},"_coverageSchema":"1a1c01bbd47fc00a2c39e90264f33305004495a9","hash":"fc046c8568fe9da59a827540f3169f3700d7e54c"}
,"/home/dev/Desktop/toDoList/models/index.js": {"path":"/home/dev/Desktop/toDoList/models/index.js","statementMap":{"0":{"start":{"line":1,"column":13},"end":{"line":1,"column":30}},"1":{"start":{"line":2,"column":13},"end":{"line":2,"column":30}},"2":{"start":{"line":4,"column":0},"end":{"line":4,"column":19}},"3":{"start":{"line":5,"column":0},"end":{"line":5,"column":21}},"4":{"start":{"line":7,"column":0},"end":{"line":7,"column":12}},"5":{"start":{"line":8,"column":0},"end":{"line":8,"column":12}},"6":{"start":{"line":10,"column":0},"end":{"line":10,"column":20}},"7":{"start":{"line":11,"column":0},"end":{"line":11,"column":20}}},"fnMap":{},"branchMap":{},"s":{"0":4,"1":4,"2":4,"3":4,"4":4,"5":4,"6":4,"7":4},"f":{},"b":{},"_coverageSchema":"1a1c01bbd47fc00a2c39e90264f33305004495a9","hash":"8c9d18577a28dd01cc7bcd458a0793db6617a71b"}
,"/home/dev/Desktop/toDoList/models/task.js": {"path":"/home/dev/Desktop/toDoList/models/task.js","statementMap":{"0":{"start":{"line":1,"column":31},"end":{"line":1,"column":51}},"1":{"start":{"line":3,"column":20},"end":{"line":3,"column":44}},"2":{"start":{"line":4,"column":13},"end":{"line":4,"column":30}},"3":{"start":{"line":6,"column":13},"end":{"line":26,"column":2}},"4":{"start":{"line":27,"column":0},"end":{"line":27,"column":22}}},"fnMap":{},"branchMap":{},"s":{"0":4,"1":4,"2":4,"3":4,"4":4},"f":{},"b":{},"_coverageSchema":"1a1c01bbd47fc00a2c39e90264f33305004495a9","hash":"21214aff301d8fabcdbab37cc34febe5cfdf0533"}
,"/home/dev/Desktop/toDoList/models/user.js": {"path":"/home/dev/Desktop/toDoList/models/user.js","statementMap":{"0":{"start":{"line":1,"column":22},"end":{"line":1,"column":42}},"1":{"start":{"line":3,"column":20},"end":{"line":3,"column":44}},"2":{"start":{"line":5,"column":13},"end":{"line":23,"column":2}},"3":{"start":{"line":25,"column":0},"end":{"line":25,"column":23}}},"fnMap":{},"branchMap":{},"s":{"0":4,"1":4,"2":4,"3":4},"f":{},"b":{},"_coverageSchema":"1a1c01bbd47fc00a2c39e90264f33305004495a9","hash":"58a668ce29a48bddc7b6f27b8e3649957a436de5"}
,"/home/dev/Desktop/toDoList/repos/hash.js": {"path":"/home/dev/Desktop/toDoList/repos/hash.js","statementMap":{"0":{"start":{"line":1,"column":15},"end":{"line":1,"column":32}},"1":{"start":{"line":4,"column":17},"end":{"line":4,"column":41}},"2":{"start":{"line":5,"column":27},"end":{"line":5,"column":60}},"3":{"start":{"line":6,"column":4},"end":{"line":6,"column":25}},"4":{"start":{"line":9,"column":0},"end":{"line":9,"column":25}}},"fnMap":{"0":{"name":"encrypt","decl":{"start":{"line":3,"column":15},"end":{"line":3,"column":22}},"loc":{"start":{"line":3,"column":33},"end":{"line":7,"column":1}},"line":3}},"branchMap":{},"s":{"0":2,"1":2,"2":2,"3":2,"4":2},"f":{"0":2},"b":{},"_coverageSchema":"1a1c01bbd47fc00a2c39e90264f33305004495a9","hash":"a41100c5553a655f3cbd4b257d68b6fdffa60d79"}
,"/home/dev/Desktop/toDoList/repos/taskRepo.js": {"path":"/home/dev/Desktop/toDoList/repos/taskRepo.js","statementMap":{"0":{"start":{"line":2,"column":15},"end":{"line":2,"column":41}},"1":{"start":{"line":3,"column":20},"end":{"line":3,"column":44}},"2":{"start":{"line":5,"column":0},"end":{"line":48,"column":1}},"3":{"start":{"line":8,"column":21},"end":{"line":12,"column":10}},"4":{"start":{"line":14,"column":8},"end":{"line":14,"column":20}},"5":{"start":{"line":18,"column":8},"end":{"line":22,"column":10}},"6":{"start":{"line":26,"column":8},"end":{"line":30,"column":10}},"7":{"start":{"line":34,"column":8},"end":{"line":38,"column":10}},"8":{"start":{"line":42,"column":50},"end":{"line":42,"column":53}},"9":{"start":{"line":43,"column":21},"end":{"line":43,"column":94}},"10":{"start":{"line":44,"column":8},"end":{"line":44,"column":54}},"11":{"start":{"line":44,"column":23},"end":{"line":44,"column":54}},"12":{"start":{"line":45,"column":8},"end":{"line":45,"column":55}},"13":{"start":{"line":45,"column":21},"end":{"line":45,"column":55}},"14":{"start":{"line":46,"column":8},"end":{"line":46,"column":20}}},"fnMap":{"0":{"name":"(anonymous_0)","decl":{"start":{"line":7,"column":16},"end":{"line":7,"column":17}},"loc":{"start":{"line":7,"column":57},"end":{"line":15,"column":5}},"line":7},"1":{"name":"(anonymous_1)","decl":{"start":{"line":17,"column":14},"end":{"line":17,"column":15}},"loc":{"start":{"line":17,"column":32},"end":{"line":23,"column":5}},"line":17},"2":{"name":"(anonymous_2)","decl":{"start":{"line":25,"column":14},"end":{"line":25,"column":15}},"loc":{"start":{"line":25,"column":30},"end":{"line":31,"column":5}},"line":25},"3":{"name":"(anonymous_3)","decl":{"start":{"line":33,"column":16},"end":{"line":33,"column":17}},"loc":{"start":{"line":33,"column":32},"end":{"line":39,"column":5}},"line":33},"4":{"name":"(anonymous_4)","decl":{"start":{"line":41,"column":14},"end":{"line":41,"column":15}},"loc":{"start":{"line":41,"column":29},"end":{"line":47,"column":5}},"line":41}},"branchMap":{"0":{"loc":{"start":{"line":44,"column":8},"end":{"line":44,"column":54}},"type":"if","locations":[{"start":{"line":44,"column":8},"end":{"line":44,"column":54}},{"start":{"line":44,"column":8},"end":{"line":44,"column":54}}],"line":44},"1":{"loc":{"start":{"line":45,"column":8},"end":{"line":45,"column":55}},"type":"if","locations":[{"start":{"line":45,"column":8},"end":{"line":45,"column":55}},{"start":{"line":45,"column":8},"end":{"line":45,"column":55}}],"line":45}},"s":{"0":3,"1":3,"2":3,"3":1,"4":1,"5":1,"6":2,"7":2,"8":8,"9":8,"10":8,"11":2,"12":8,"13":3,"14":8},"f":{"0":1,"1":1,"2":2,"3":2,"4":8},"b":{"0":[2,6],"1":[3,5]},"_coverageSchema":"1a1c01bbd47fc00a2c39e90264f33305004495a9","hash":"0c131a0a10e7ad64cf4d4a3eb5fd27cc0043668d"}
,"/home/dev/Desktop/toDoList/repos/userRepo.js": {"path":"/home/dev/Desktop/toDoList/repos/userRepo.js","statementMap":{"0":{"start":{"line":1,"column":15},"end":{"line":1,"column":41}},"1":{"start":{"line":3,"column":0},"end":{"line":40,"column":1}},"2":{"start":{"line":5,"column":8},"end":{"line":8,"column":10}},"3":{"start":{"line":12,"column":8},"end":{"line":16,"column":10}},"4":{"start":{"line":20,"column":8},"end":{"line":24,"column":10}},"5":{"start":{"line":28,"column":21},"end":{"line":28,"column":53}},"6":{"start":{"line":29,"column":39},"end":{"line":29,"column":42}},"7":{"start":{"line":30,"column":8},"end":{"line":30,"column":33}},"8":{"start":{"line":31,"column":8},"end":{"line":31,"column":33}},"9":{"start":{"line":32,"column":8},"end":{"line":37,"column":9}},"10":{"start":{"line":33,"column":12},"end":{"line":33,"column":40}},"11":{"start":{"line":35,"column":13},"end":{"line":37,"column":9}},"12":{"start":{"line":36,"column":12},"end":{"line":36,"column":40}},"13":{"start":{"line":38,"column":8},"end":{"line":38,"column":20}}},"fnMap":{"0":{"name":"(anonymous_0)","decl":{"start":{"line":4,"column":16},"end":{"line":4,"column":17}},"loc":{"start":{"line":4,"column":49},"end":{"line":9,"column":5}},"line":4},"1":{"name":"(anonymous_1)","decl":{"start":{"line":11,"column":21},"end":{"line":11,"column":22}},"loc":{"start":{"line":11,"column":41},"end":{"line":17,"column":5}},"line":11},"2":{"name":"(anonymous_2)","decl":{"start":{"line":19,"column":18},"end":{"line":19,"column":19}},"loc":{"start":{"line":19,"column":34},"end":{"line":25,"column":5}},"line":19},"3":{"name":"(anonymous_3)","decl":{"start":{"line":27,"column":14},"end":{"line":27,"column":15}},"loc":{"start":{"line":27,"column":29},"end":{"line":39,"column":5}},"line":27}},"branchMap":{"0":{"loc":{"start":{"line":32,"column":8},"end":{"line":37,"column":9}},"type":"if","locations":[{"start":{"line":32,"column":8},"end":{"line":37,"column":9}},{"start":{"line":32,"column":8},"end":{"line":37,"column":9}}],"line":32},"1":{"loc":{"start":{"line":35,"column":13},"end":{"line":37,"column":9}},"type":"if","locations":[{"start":{"line":35,"column":13},"end":{"line":37,"column":9}},{"start":{"line":35,"column":13},"end":{"line":37,"column":9}}],"line":35}},"s":{"0":3,"1":3,"2":2,"3":13,"4":7,"5":15,"6":15,"7":15,"8":15,"9":15,"10":1,"11":14,"12":1,"13":15},"f":{"0":2,"1":13,"2":7,"3":15},"b":{"0":[1,14],"1":[1,13]},"_coverageSchema":"1a1c01bbd47fc00a2c39e90264f33305004495a9","hash":"db1628b2504dbf60439016b6a18b23d56e85916d"}
,"/home/dev/Desktop/toDoList/routes/task.js": {"path":"/home/dev/Desktop/toDoList/routes/task.js","statementMap":{"0":{"start":{"line":1,"column":16},"end":{"line":1,"column":34}},"1":{"start":{"line":2,"column":15},"end":{"line":2,"column":31}},"2":{"start":{"line":3,"column":17},"end":{"line":3,"column":45}},"3":{"start":{"line":4,"column":17},"end":{"line":4,"column":45}},"4":{"start":{"line":5,"column":0},"end":{"line":15,"column":3}},"5":{"start":{"line":7,"column":22},"end":{"line":7,"column":49}},"6":{"start":{"line":8,"column":4},"end":{"line":8,"column":66}},"7":{"start":{"line":8,"column":23},"end":{"line":8,"column":66}},"8":{"start":{"line":10,"column":17},"end":{"line":10,"column":62}},"9":{"start":{"line":11,"column":4},"end":{"line":11,"column":62}},"10":{"start":{"line":11,"column":15},"end":{"line":11,"column":62}},"11":{"start":{"line":13,"column":17},"end":{"line":13,"column":103}},"12":{"start":{"line":14,"column":4},"end":{"line":14,"column":19}},"13":{"start":{"line":17,"column":0},"end":{"line":26,"column":3}},"14":{"start":{"line":19,"column":19},"end":{"line":19,"column":36}},"15":{"start":{"line":21,"column":17},"end":{"line":21,"column":52}},"16":{"start":{"line":22,"column":4},"end":{"line":22,"column":65}},"17":{"start":{"line":22,"column":15},"end":{"line":22,"column":65}},"18":{"start":{"line":24,"column":18},"end":{"line":24,"column":49}},"19":{"start":{"line":25,"column":4},"end":{"line":25,"column":20}},"20":{"start":{"line":28,"column":0},"end":{"line":39,"column":3}},"21":{"start":{"line":29,"column":31},"end":{"line":29,"column":41}},"22":{"start":{"line":31,"column":17},"end":{"line":31,"column":52}},"23":{"start":{"line":32,"column":4},"end":{"line":32,"column":65}},"24":{"start":{"line":32,"column":15},"end":{"line":32,"column":65}},"25":{"start":{"line":34,"column":17},"end":{"line":34,"column":48}},"26":{"start":{"line":35,"column":4},"end":{"line":35,"column":65}},"27":{"start":{"line":35,"column":15},"end":{"line":35,"column":65}},"28":{"start":{"line":37,"column":24},"end":{"line":37,"column":51}},"29":{"start":{"line":38,"column":4},"end":{"line":38,"column":26}},"30":{"start":{"line":42,"column":0},"end":{"line":42,"column":24}}},"fnMap":{"0":{"name":"(anonymous_0)","decl":{"start":{"line":5,"column":23},"end":{"line":5,"column":24}},"loc":{"start":{"line":5,"column":43},"end":{"line":15,"column":1}},"line":5},"1":{"name":"(anonymous_1)","decl":{"start":{"line":17,"column":23},"end":{"line":17,"column":24}},"loc":{"start":{"line":17,"column":43},"end":{"line":26,"column":1}},"line":17},"2":{"name":"(anonymous_2)","decl":{"start":{"line":28,"column":31},"end":{"line":28,"column":32}},"loc":{"start":{"line":28,"column":51},"end":{"line":39,"column":1}},"line":28}},"branchMap":{"0":{"loc":{"start":{"line":8,"column":4},"end":{"line":8,"column":66}},"type":"if","locations":[{"start":{"line":8,"column":4},"end":{"line":8,"column":66}},{"start":{"line":8,"column":4},"end":{"line":8,"column":66}}],"line":8},"1":{"loc":{"start":{"line":11,"column":4},"end":{"line":11,"column":62}},"type":"if","locations":[{"start":{"line":11,"column":4},"end":{"line":11,"column":62}},{"start":{"line":11,"column":4},"end":{"line":11,"column":62}}],"line":11},"2":{"loc":{"start":{"line":22,"column":4},"end":{"line":22,"column":65}},"type":"if","locations":[{"start":{"line":22,"column":4},"end":{"line":22,"column":65}},{"start":{"line":22,"column":4},"end":{"line":22,"column":65}}],"line":22},"3":{"loc":{"start":{"line":32,"column":4},"end":{"line":32,"column":65}},"type":"if","locations":[{"start":{"line":32,"column":4},"end":{"line":32,"column":65}},{"start":{"line":32,"column":4},"end":{"line":32,"column":65}}],"line":32},"4":{"loc":{"start":{"line":35,"column":4},"end":{"line":35,"column":65}},"type":"if","locations":[{"start":{"line":35,"column":4},"end":{"line":35,"column":65}},{"start":{"line":35,"column":4},"end":{"line":35,"column":65}}],"line":35}},"s":{"0":2,"1":2,"2":2,"3":2,"4":2,"5":5,"6":5,"7":3,"8":2,"9":2,"10":1,"11":1,"12":1,"13":2,"14":2,"15":2,"16":2,"17":1,"18":1,"19":1,"20":2,"21":3,"22":3,"23":3,"24":1,"25":2,"26":2,"27":0,"28":2,"29":2,"30":2},"f":{"0":5,"1":2,"2":3},"b":{"0":[3,2],"1":[1,1],"2":[1,1],"3":[1,2],"4":[0,2]},"_coverageSchema":"1a1c01bbd47fc00a2c39e90264f33305004495a9","hash":"1b363ba627e92f088327fe5e72a4bf932a2327de"}
,"/home/dev/Desktop/toDoList/routes/user.js": {"path":"/home/dev/Desktop/toDoList/routes/user.js","statementMap":{"0":{"start":{"line":1,"column":16},"end":{"line":1,"column":34}},"1":{"start":{"line":2,"column":15},"end":{"line":2,"column":31}},"2":{"start":{"line":5,"column":16},"end":{"line":5,"column":40}},"3":{"start":{"line":6,"column":15},"end":{"line":6,"column":32}},"4":{"start":{"line":7,"column":17},"end":{"line":7,"column":45}},"5":{"start":{"line":9,"column":0},"end":{"line":21,"column":3}},"6":{"start":{"line":11,"column":22},"end":{"line":11,"column":49}},"7":{"start":{"line":12,"column":4},"end":{"line":12,"column":65}},"8":{"start":{"line":12,"column":22},"end":{"line":12,"column":65}},"9":{"start":{"line":14,"column":17},"end":{"line":14,"column":66}},"10":{"start":{"line":15,"column":4},"end":{"line":15,"column":67}},"11":{"start":{"line":15,"column":13},"end":{"line":15,"column":67}},"12":{"start":{"line":17,"column":24},"end":{"line":17,"column":57}},"13":{"start":{"line":19,"column":20},"end":{"line":19,"column":77}},"14":{"start":{"line":20,"column":4},"end":{"line":20,"column":22}},"15":{"start":{"line":23,"column":0},"end":{"line":34,"column":3}},"16":{"start":{"line":24,"column":22},"end":{"line":24,"column":49}},"17":{"start":{"line":25,"column":4},"end":{"line":25,"column":65}},"18":{"start":{"line":25,"column":22},"end":{"line":25,"column":65}},"19":{"start":{"line":27,"column":17},"end":{"line":27,"column":66}},"20":{"start":{"line":28,"column":4},"end":{"line":28,"column":75}},"21":{"start":{"line":28,"column":15},"end":{"line":28,"column":75}},"22":{"start":{"line":30,"column":18},"end":{"line":30,"column":73}},"23":{"start":{"line":31,"column":4},"end":{"line":31,"column":77}},"24":{"start":{"line":31,"column":16},"end":{"line":31,"column":77}},"25":{"start":{"line":33,"column":4},"end":{"line":33,"column":44}},"26":{"start":{"line":36,"column":0},"end":{"line":39,"column":3}},"27":{"start":{"line":37,"column":18},"end":{"line":37,"column":38}},"28":{"start":{"line":38,"column":4},"end":{"line":38,"column":20}},"29":{"start":{"line":41,"column":0},"end":{"line":41,"column":24}}},"fnMap":{"0":{"name":"(anonymous_0)","decl":{"start":{"line":9,"column":25},"end":{"line":9,"column":26}},"loc":{"start":{"line":9,"column":45},"end":{"line":21,"column":1}},"line":9},"1":{"name":"(anonymous_1)","decl":{"start":{"line":23,"column":22},"end":{"line":23,"column":23}},"loc":{"start":{"line":23,"column":42},"end":{"line":34,"column":1}},"line":23},"2":{"name":"(anonymous_2)","decl":{"start":{"line":36,"column":16},"end":{"line":36,"column":17}},"loc":{"start":{"line":36,"column":36},"end":{"line":39,"column":1}},"line":36}},"branchMap":{"0":{"loc":{"start":{"line":12,"column":4},"end":{"line":12,"column":65}},"type":"if","locations":[{"start":{"line":12,"column":4},"end":{"line":12,"column":65}},{"start":{"line":12,"column":4},"end":{"line":12,"column":65}}],"line":12},"1":{"loc":{"start":{"line":15,"column":4},"end":{"line":15,"column":67}},"type":"if","locations":[{"start":{"line":15,"column":4},"end":{"line":15,"column":67}},{"start":{"line":15,"column":4},"end":{"line":15,"column":67}}],"line":15},"2":{"loc":{"start":{"line":25,"column":4},"end":{"line":25,"column":65}},"type":"if","locations":[{"start":{"line":25,"column":4},"end":{"line":25,"column":65}},{"start":{"line":25,"column":4},"end":{"line":25,"column":65}}],"line":25},"3":{"loc":{"start":{"line":28,"column":4},"end":{"line":28,"column":75}},"type":"if","locations":[{"start":{"line":28,"column":4},"end":{"line":28,"column":75}},{"start":{"line":28,"column":4},"end":{"line":28,"column":75}}],"line":28},"4":{"loc":{"start":{"line":31,"column":4},"end":{"line":31,"column":77}},"type":"if","locations":[{"start":{"line":31,"column":4},"end":{"line":31,"column":77}},{"start":{"line":31,"column":4},"end":{"line":31,"column":77}}],"line":31}},"s":{"0":2,"1":2,"2":2,"3":2,"4":2,"5":2,"6":10,"7":10,"8":0,"9":10,"10":10,"11":8,"12":2,"13":2,"14":2,"15":2,"16":5,"17":5,"18":2,"19":3,"20":3,"21":2,"22":1,"23":1,"24":1,"25":0,"26":2,"27":0,"28":0,"29":2},"f":{"0":10,"1":5,"2":0},"b":{"0":[0,10],"1":[8,2],"2":[2,3],"3":[2,1],"4":[1,0]},"_coverageSchema":"1a1c01bbd47fc00a2c39e90264f33305004495a9","hash":"86b02e3a704416c6e33552f24ecf13d3bbbd248d"}
,"/home/dev/Desktop/toDoList/startUp/db.js": {"path":"/home/dev/Desktop/toDoList/startUp/db.js","statementMap":{"0":{"start":{"line":2,"column":18},"end":{"line":2,"column":38}},"1":{"start":{"line":4,"column":0},"end":{"line":4,"column":54}}},"fnMap":{},"branchMap":{},"s":{"0":4,"1":4},"f":{},"b":{},"_coverageSchema":"1a1c01bbd47fc00a2c39e90264f33305004495a9","hash":"8e1199daef5fe60faba9757ece66192343685996"}
}
