TN:
SF:index.js
FN:15,(anonymous_0)
FNF:1
FNH:1
FNDA:2,(anonymous_0)
DA:3,2
DA:4,2
DA:5,2
DA:6,2
DA:7,2
DA:9,2
DA:10,2
DA:11,2
DA:14,2
DA:15,2
DA:16,2
DA:19,2
LF:12
LH:12
BRDA:14,0,0,2
BRDA:14,0,1,2
BRF:2
BRH:2
end_of_record
TN:
SF:models/index.js
FNF:0
FNH:0
DA:1,4
DA:2,4
DA:4,4
DA:5,4
DA:7,4
DA:8,4
DA:10,4
DA:11,4
LF:8
LH:8
BRF:0
BRH:0
end_of_record
TN:
SF:models/task.js
FNF:0
FNH:0
DA:1,4
DA:3,4
DA:4,4
DA:6,4
DA:27,4
LF:5
LH:5
BRF:0
BRH:0
end_of_record
TN:
SF:models/user.js
FNF:0
FNH:0
DA:1,4
DA:3,4
DA:5,4
DA:25,4
LF:4
LH:4
BRF:0
BRH:0
end_of_record
TN:
SF:repos/hash.js
FN:3,encrypt
FNF:1
FNH:1
FNDA:2,encrypt
DA:1,2
DA:4,2
DA:5,2
DA:6,2
DA:9,2
LF:5
LH:5
BRF:0
BRH:0
end_of_record
TN:
SF:repos/taskRepo.js
FN:7,(anonymous_0)
FN:17,(anonymous_1)
FN:25,(anonymous_2)
FN:33,(anonymous_3)
FN:41,(anonymous_4)
FNF:5
FNH:5
FNDA:1,(anonymous_0)
FNDA:1,(anonymous_1)
FNDA:2,(anonymous_2)
FNDA:2,(anonymous_3)
FNDA:8,(anonymous_4)
DA:2,3
DA:3,3
DA:5,3
DA:8,1
DA:14,1
DA:18,1
DA:26,2
DA:34,2
DA:42,8
DA:43,8
DA:44,8
DA:45,8
DA:46,8
LF:13
LH:13
BRDA:44,0,0,2
BRDA:44,0,1,6
BRDA:45,1,0,3
BRDA:45,1,1,5
BRF:4
BRH:4
end_of_record
TN:
SF:repos/userRepo.js
FN:4,(anonymous_0)
FN:11,(anonymous_1)
FN:19,(anonymous_2)
FN:27,(anonymous_3)
FNF:4
FNH:4
FNDA:2,(anonymous_0)
FNDA:13,(anonymous_1)
FNDA:7,(anonymous_2)
FNDA:15,(anonymous_3)
DA:1,3
DA:3,3
DA:5,2
DA:12,13
DA:20,7
DA:28,15
DA:29,15
DA:30,15
DA:31,15
DA:32,15
DA:33,1
DA:35,14
DA:36,1
DA:38,15
LF:14
LH:14
BRDA:32,0,0,1
BRDA:32,0,1,14
BRDA:35,1,0,1
BRDA:35,1,1,13
BRF:4
BRH:4
end_of_record
TN:
SF:routes/task.js
FN:5,(anonymous_0)
FN:17,(anonymous_1)
FN:28,(anonymous_2)
FNF:3
FNH:3
FNDA:5,(anonymous_0)
FNDA:2,(anonymous_1)
FNDA:3,(anonymous_2)
DA:1,2
DA:2,2
DA:3,2
DA:4,2
DA:5,2
DA:7,5
DA:8,5
DA:10,2
DA:11,2
DA:13,1
DA:14,1
DA:17,2
DA:19,2
DA:21,2
DA:22,2
DA:24,1
DA:25,1
DA:28,2
DA:29,3
DA:31,3
DA:32,3
DA:34,2
DA:35,2
DA:37,2
DA:38,2
DA:42,2
LF:26
LH:26
BRDA:8,0,0,3
BRDA:8,0,1,2
BRDA:11,1,0,1
BRDA:11,1,1,1
BRDA:22,2,0,1
BRDA:22,2,1,1
BRDA:32,3,0,1
BRDA:32,3,1,2
BRDA:35,4,0,0
BRDA:35,4,1,2
BRF:10
BRH:9
end_of_record
TN:
SF:routes/user.js
FN:9,(anonymous_0)
FN:23,(anonymous_1)
FN:36,(anonymous_2)
FNF:3
FNH:2
FNDA:10,(anonymous_0)
FNDA:5,(anonymous_1)
FNDA:0,(anonymous_2)
DA:1,2
DA:2,2
DA:5,2
DA:6,2
DA:7,2
DA:9,2
DA:11,10
DA:12,10
DA:14,10
DA:15,10
DA:17,2
DA:19,2
DA:20,2
DA:23,2
DA:24,5
DA:25,5
DA:27,3
DA:28,3
DA:30,1
DA:31,1
DA:33,0
DA:36,2
DA:37,0
DA:38,0
DA:41,2
LF:25
LH:22
BRDA:12,0,0,0
BRDA:12,0,1,10
BRDA:15,1,0,8
BRDA:15,1,1,2
BRDA:25,2,0,2
BRDA:25,2,1,3
BRDA:28,3,0,2
BRDA:28,3,1,1
BRDA:31,4,0,1
BRDA:31,4,1,0
BRF:10
BRH:8
end_of_record
TN:
SF:startUp/db.js
FNF:0
FNH:0
DA:2,4
DA:4,4
LF:2
LH:2
BRF:0
BRH:0
end_of_record
